<?xml version="1.0" encoding="UTF-8"?>
<testsuite xmlns:xsi="http://www.w3.org/2001/XMLSchema-instance" xsi:noNamespaceSchemaLocation="https://maven.apache.org/surefire/maven-surefire-plugin/xsd/surefire-test-report.xsd" name="com.Rest.TestRest.TestRunner" time="25.404" tests="0" errors="0" skipped="0" failures="0">
  <properties>
    <property name="sun.desktop" value="windows"/>
    <property name="awt.toolkit" value="sun.awt.windows.WToolkit"/>
    <property name="file.encoding.pkg" value="sun.io"/>
    <property name="java.specification.version" value="1.8"/>
    <property name="sun.cpu.isalist" value="amd64"/>
    <property name="sun.jnu.encoding" value="Cp1252"/>
    <property name="java.class.path" value="C:\Users\kamal_singla\git\TestRest\TestRest\target\test-classes;C:\Users\kamal_singla\git\TestRest\TestRest\target\classes;D:\Maven\mavenlocalrepository\junit\junit\4.12\junit-4.12.jar;D:\Maven\mavenlocalrepository\org\hamcrest\hamcrest-core\1.3\hamcrest-core-1.3.jar;D:\Maven\mavenlocalrepository\io\rest-assured\rest-assured\3.0.7\rest-assured-3.0.7.jar;D:\Maven\mavenlocalrepository\org\codehaus\groovy\groovy\2.4.12\groovy-2.4.12.jar;D:\Maven\mavenlocalrepository\org\codehaus\groovy\groovy-xml\2.4.12\groovy-xml-2.4.12.jar;D:\Maven\mavenlocalrepository\org\apache\httpcomponents\httpclient\4.5.3\httpclient-4.5.3.jar;D:\Maven\mavenlocalrepository\org\apache\httpcomponents\httpmime\4.5.1\httpmime-4.5.1.jar;D:\Maven\mavenlocalrepository\org\hamcrest\hamcrest-library\1.3\hamcrest-library-1.3.jar;D:\Maven\mavenlocalrepository\org\ccil\cowan\tagsoup\tagsoup\1.2.1\tagsoup-1.2.1.jar;D:\Maven\mavenlocalrepository\io\rest-assured\json-path\3.0.7\json-path-3.0.7.jar;D:\Maven\mavenlocalrepository\org\codehaus\groovy\groovy-json\2.4.12\groovy-json-2.4.12.jar;D:\Maven\mavenlocalrepository\io\rest-assured\rest-assured-common\3.0.7\rest-assured-common-3.0.7.jar;D:\Maven\mavenlocalrepository\io\rest-assured\xml-path\3.0.7\xml-path-3.0.7.jar;D:\Maven\mavenlocalrepository\javax\xml\bind\jaxb-api\2.2.12\jaxb-api-2.2.12.jar;D:\Maven\mavenlocalrepository\info\cukes\cucumber-java\1.2.5\cucumber-java-1.2.5.jar;D:\Maven\mavenlocalrepository\info\cukes\cucumber-core\1.2.5\cucumber-core-1.2.5.jar;D:\Maven\mavenlocalrepository\info\cukes\cucumber-html\0.2.3\cucumber-html-0.2.3.jar;D:\Maven\mavenlocalrepository\info\cukes\cucumber-junit\1.2.5\cucumber-junit-1.2.5.jar;D:\Maven\mavenlocalrepository\net\sourceforge\cobertura\cobertura\2.1.1\cobertura-2.1.1.jar;D:\Maven\mavenlocalrepository\org\ow2\asm\asm\5.0.1\asm-5.0.1.jar;D:\Maven\mavenlocalrepository\org\ow2\asm\asm-tree\5.0.1\asm-tree-5.0.1.jar;D:\Maven\mavenlocalrepository\org\ow2\asm\asm-commons\5.0.1\asm-commons-5.0.1.jar;D:\Maven\mavenlocalrepository\org\ow2\asm\asm-util\5.0.1\asm-util-5.0.1.jar;D:\Maven\mavenlocalrepository\org\ow2\asm\asm-analysis\5.0.1\asm-analysis-5.0.1.jar;D:\Maven\mavenlocalrepository\oro\oro\2.0.8\oro-2.0.8.jar;D:\Maven\mavenlocalrepository\jaxen\jaxen\1.1.4\jaxen-1.1.4.jar;D:\Maven\mavenlocalrepository\org\apache\ant\ant\1.8.3\ant-1.8.3.jar;D:\Maven\mavenlocalrepository\org\apache\ant\ant-launcher\1.8.3\ant-launcher-1.8.3.jar;D:\Maven\mavenlocalrepository\org\apache\ant\ant-junit\1.8.3\ant-junit-1.8.3.jar;D:\Maven\mavenlocalrepository\org\mortbay\jetty\servlet-api-2.5\6.1.14\servlet-api-2.5-6.1.14.jar;D:\Maven\mavenlocalrepository\org\mortbay\jetty\jetty\6.1.14\jetty-6.1.14.jar;D:\Maven\mavenlocalrepository\org\mortbay\jetty\jetty-util\6.1.14\jetty-util-6.1.14.jar;D:\Maven\mavenlocalrepository\org\slf4j\slf4j-api\1.7.5\slf4j-api-1.7.5.jar;D:\Maven\mavenlocalrepository\ch\qos\logback\logback-classic\1.0.13\logback-classic-1.0.13.jar;D:\Maven\mavenlocalrepository\ch\qos\logback\logback-core\1.0.13\logback-core-1.0.13.jar;D:\Maven\mavenlocalrepository\org\apache\commons\commons-lang3\3.3.2\commons-lang3-3.3.2.jar;D:\Maven\mavenlocalrepository\info\cukes\cucumber-jvm-deps\1.0.5\cucumber-jvm-deps-1.0.5.jar;D:\Maven\mavenlocalrepository\info\cukes\cucumber-testng\1.2.5\cucumber-testng-1.2.5.jar;D:\Maven\mavenlocalrepository\org\testng\testng\6.9.10\testng-6.9.10.jar;D:\Maven\mavenlocalrepository\com\beust\jcommander\1.48\jcommander-1.48.jar;D:\Maven\mavenlocalrepository\org\beanshell\bsh\2.0b4\bsh-2.0b4.jar;D:\Maven\mavenlocalrepository\info\cukes\gherkin\2.12.2\gherkin-2.12.2.jar;D:\Maven\mavenlocalrepository\org\mockito\mockito-all\2.0.2-beta\mockito-all-2.0.2-beta.jar;C:\Program Files\Java\jdk1.8.0_141\lib\tools.jar;D:\Maven\mavenlocalrepository\org\seleniumhq\selenium\selenium-java\3.4.0\selenium-java-3.4.0.jar;D:\Maven\mavenlocalrepository\org\seleniumhq\selenium\selenium-api\3.4.0\selenium-api-3.4.0.jar;D:\Maven\mavenlocalrepository\org\seleniumhq\selenium\selenium-chrome-driver\3.4.0\selenium-chrome-driver-3.4.0.jar;D:\Maven\mavenlocalrepository\org\seleniumhq\selenium\selenium-edge-driver\3.4.0\selenium-edge-driver-3.4.0.jar;D:\Maven\mavenlocalrepository\org\seleniumhq\selenium\selenium-firefox-driver\3.4.0\selenium-firefox-driver-3.4.0.jar;D:\Maven\mavenlocalrepository\org\seleniumhq\selenium\selenium-ie-driver\3.4.0\selenium-ie-driver-3.4.0.jar;D:\Maven\mavenlocalrepository\org\seleniumhq\selenium\selenium-opera-driver\3.4.0\selenium-opera-driver-3.4.0.jar;D:\Maven\mavenlocalrepository\org\seleniumhq\selenium\selenium-remote-driver\3.4.0\selenium-remote-driver-3.4.0.jar;D:\Maven\mavenlocalrepository\org\seleniumhq\selenium\selenium-safari-driver\3.4.0\selenium-safari-driver-3.4.0.jar;D:\Maven\mavenlocalrepository\org\seleniumhq\selenium\selenium-support\3.4.0\selenium-support-3.4.0.jar;D:\Maven\mavenlocalrepository\cglib\cglib-nodep\3.2.4\cglib-nodep-3.2.4.jar;D:\Maven\mavenlocalrepository\org\apache\commons\commons-exec\1.3\commons-exec-1.3.jar;D:\Maven\mavenlocalrepository\commons-codec\commons-codec\1.10\commons-codec-1.10.jar;D:\Maven\mavenlocalrepository\commons-io\commons-io\2.5\commons-io-2.5.jar;D:\Maven\mavenlocalrepository\commons-logging\commons-logging\1.2\commons-logging-1.2.jar;D:\Maven\mavenlocalrepository\org\w3c\css\sac\1.3\sac-1.3.jar;D:\Maven\mavenlocalrepository\net\sourceforge\cssparser\cssparser\0.9.22\cssparser-0.9.22.jar;D:\Maven\mavenlocalrepository\com\google\code\gson\gson\2.8.0\gson-2.8.0.jar;D:\Maven\mavenlocalrepository\net\sourceforge\htmlunit\htmlunit\2.26\htmlunit-2.26.jar;D:\Maven\mavenlocalrepository\net\sourceforge\htmlunit\htmlunit-core-js\2.26\htmlunit-core-js-2.26.jar;D:\Maven\mavenlocalrepository\net\sourceforge\htmlunit\neko-htmlunit\2.25\neko-htmlunit-2.25.jar;D:\Maven\mavenlocalrepository\org\apache\httpcomponents\httpcore\4.4.6\httpcore-4.4.6.jar;D:\Maven\mavenlocalrepository\org\eclipse\jetty\jetty-io\9.4.1.v20170120\jetty-io-9.4.1.v20170120.jar;D:\Maven\mavenlocalrepository\org\eclipse\jetty\jetty-util\9.4.1.v20170120\jetty-util-9.4.1.v20170120.jar;D:\Maven\mavenlocalrepository\net\java\dev\jna\jna\4.1.0\jna-4.1.0.jar;D:\Maven\mavenlocalrepository\net\java\dev\jna\jna-platform\4.1.0\jna-platform-4.1.0.jar;D:\Maven\mavenlocalrepository\com\codeborne\phantomjsdriver\1.4.0\phantomjsdriver-1.4.0.jar;D:\Maven\mavenlocalrepository\org\seleniumhq\selenium\htmlunit-driver\2.26\htmlunit-driver-2.26.jar;D:\Maven\mavenlocalrepository\javax\servlet\javax.servlet-api\3.1.0\javax.servlet-api-3.1.0.jar;D:\Maven\mavenlocalrepository\org\eclipse\jetty\websocket\websocket-api\9.4.3.v20170317\websocket-api-9.4.3.v20170317.jar;D:\Maven\mavenlocalrepository\org\eclipse\jetty\websocket\websocket-client\9.4.3.v20170317\websocket-client-9.4.3.v20170317.jar;D:\Maven\mavenlocalrepository\org\eclipse\jetty\jetty-client\9.4.3.v20170317\jetty-client-9.4.3.v20170317.jar;D:\Maven\mavenlocalrepository\org\eclipse\jetty\jetty-http\9.4.3.v20170317\jetty-http-9.4.3.v20170317.jar;D:\Maven\mavenlocalrepository\org\eclipse\jetty\websocket\websocket-common\9.4.3.v20170317\websocket-common-9.4.3.v20170317.jar;D:\Maven\mavenlocalrepository\xalan\serializer\2.7.2\serializer-2.7.2.jar;D:\Maven\mavenlocalrepository\xalan\xalan\2.7.2\xalan-2.7.2.jar;D:\Maven\mavenlocalrepository\xerces\xercesImpl\2.11.0\xercesImpl-2.11.0.jar;D:\Maven\mavenlocalrepository\xml-apis\xml-apis\1.4.01\xml-apis-1.4.01.jar;D:\Maven\mavenlocalrepository\org\apache\poi\poi-ooxml\3.16\poi-ooxml-3.16.jar;D:\Maven\mavenlocalrepository\com\github\virtuald\curvesapi\1.04\curvesapi-1.04.jar;D:\Maven\mavenlocalrepository\org\apache\poi\poi\3.16\poi-3.16.jar;D:\Maven\mavenlocalrepository\org\apache\poi\poi-scratchpad\3.16\poi-scratchpad-3.16.jar;D:\Maven\mavenlocalrepository\org\apache\poi\poi-ooxml-schemas\3.16\poi-ooxml-schemas-3.16.jar;D:\Maven\mavenlocalrepository\org\apache\xmlbeans\xmlbeans\2.6.0\xmlbeans-2.6.0.jar;D:\Maven\mavenlocalrepository\stax\stax-api\1.0.1\stax-api-1.0.1.jar;D:\Maven\mavenlocalrepository\org\apache\commons\commons-collections4\4.1\commons-collections4-4.1.jar;D:\Maven\mavenlocalrepository\com\google\guava\guava\21.0\guava-21.0.jar;D:\Maven\mavenlocalrepository\org\apache\maven\surefire\surefire-testng-utils\2.20.1\surefire-testng-utils-2.20.1.jar;D:\Maven\mavenlocalrepository\org\apache\maven\surefire\surefire-grouper\2.20.1\surefire-grouper-2.20.1.jar;"/>
    <property name="java.vm.vendor" value="Oracle Corporation"/>
    <property name="sun.arch.data.model" value="64"/>
    <property name="user.variant" value=""/>
    <property name="java.vendor.url" value="http://java.oracle.com/"/>
    <property name="user.timezone" value=""/>
    <property name="java.vm.specification.version" value="1.8"/>
    <property name="os.name" value="Windows 8.1"/>
    <property name="user.country" value="US"/>
    <property name="sun.java.launcher" value="SUN_STANDARD"/>
    <property name="sun.boot.library.path" value="C:\Program Files\Java\jdk1.8.0_141\jre\bin"/>
    <property name="sun.java.command" value="C:\windows\TEMP\surefire6462976724061388739\surefirebooter7020252532736451498.jar C:\Windows\Temp\surefire6462976724061388739 2018-02-28T17-53-46_629-jvmRun1 surefire2472988187572938642tmp surefire_02627472957822065748tmp"/>
    <property name="surefire.test.class.path" value="C:\Users\kamal_singla\git\TestRest\TestRest\target\test-classes;C:\Users\kamal_singla\git\TestRest\TestRest\target\classes;D:\Maven\mavenlocalrepository\junit\junit\4.12\junit-4.12.jar;D:\Maven\mavenlocalrepository\org\hamcrest\hamcrest-core\1.3\hamcrest-core-1.3.jar;D:\Maven\mavenlocalrepository\io\rest-assured\rest-assured\3.0.7\rest-assured-3.0.7.jar;D:\Maven\mavenlocalrepository\org\codehaus\groovy\groovy\2.4.12\groovy-2.4.12.jar;D:\Maven\mavenlocalrepository\org\codehaus\groovy\groovy-xml\2.4.12\groovy-xml-2.4.12.jar;D:\Maven\mavenlocalrepository\org\apache\httpcomponents\httpclient\4.5.3\httpclient-4.5.3.jar;D:\Maven\mavenlocalrepository\org\apache\httpcomponents\httpmime\4.5.1\httpmime-4.5.1.jar;D:\Maven\mavenlocalrepository\org\hamcrest\hamcrest-library\1.3\hamcrest-library-1.3.jar;D:\Maven\mavenlocalrepository\org\ccil\cowan\tagsoup\tagsoup\1.2.1\tagsoup-1.2.1.jar;D:\Maven\mavenlocalrepository\io\rest-assured\json-path\3.0.7\json-path-3.0.7.jar;D:\Maven\mavenlocalrepository\org\codehaus\groovy\groovy-json\2.4.12\groovy-json-2.4.12.jar;D:\Maven\mavenlocalrepository\io\rest-assured\rest-assured-common\3.0.7\rest-assured-common-3.0.7.jar;D:\Maven\mavenlocalrepository\io\rest-assured\xml-path\3.0.7\xml-path-3.0.7.jar;D:\Maven\mavenlocalrepository\javax\xml\bind\jaxb-api\2.2.12\jaxb-api-2.2.12.jar;D:\Maven\mavenlocalrepository\info\cukes\cucumber-java\1.2.5\cucumber-java-1.2.5.jar;D:\Maven\mavenlocalrepository\info\cukes\cucumber-core\1.2.5\cucumber-core-1.2.5.jar;D:\Maven\mavenlocalrepository\info\cukes\cucumber-html\0.2.3\cucumber-html-0.2.3.jar;D:\Maven\mavenlocalrepository\info\cukes\cucumber-junit\1.2.5\cucumber-junit-1.2.5.jar;D:\Maven\mavenlocalrepository\net\sourceforge\cobertura\cobertura\2.1.1\cobertura-2.1.1.jar;D:\Maven\mavenlocalrepository\org\ow2\asm\asm\5.0.1\asm-5.0.1.jar;D:\Maven\mavenlocalrepository\org\ow2\asm\asm-tree\5.0.1\asm-tree-5.0.1.jar;D:\Maven\mavenlocalrepository\org\ow2\asm\asm-commons\5.0.1\asm-commons-5.0.1.jar;D:\Maven\mavenlocalrepository\org\ow2\asm\asm-util\5.0.1\asm-util-5.0.1.jar;D:\Maven\mavenlocalrepository\org\ow2\asm\asm-analysis\5.0.1\asm-analysis-5.0.1.jar;D:\Maven\mavenlocalrepository\oro\oro\2.0.8\oro-2.0.8.jar;D:\Maven\mavenlocalrepository\jaxen\jaxen\1.1.4\jaxen-1.1.4.jar;D:\Maven\mavenlocalrepository\org\apache\ant\ant\1.8.3\ant-1.8.3.jar;D:\Maven\mavenlocalrepository\org\apache\ant\ant-launcher\1.8.3\ant-launcher-1.8.3.jar;D:\Maven\mavenlocalrepository\org\apache\ant\ant-junit\1.8.3\ant-junit-1.8.3.jar;D:\Maven\mavenlocalrepository\org\mortbay\jetty\servlet-api-2.5\6.1.14\servlet-api-2.5-6.1.14.jar;D:\Maven\mavenlocalrepository\org\mortbay\jetty\jetty\6.1.14\jetty-6.1.14.jar;D:\Maven\mavenlocalrepository\org\mortbay\jetty\jetty-util\6.1.14\jetty-util-6.1.14.jar;D:\Maven\mavenlocalrepository\org\slf4j\slf4j-api\1.7.5\slf4j-api-1.7.5.jar;D:\Maven\mavenlocalrepository\ch\qos\logback\logback-classic\1.0.13\logback-classic-1.0.13.jar;D:\Maven\mavenlocalrepository\ch\qos\logback\logback-core\1.0.13\logback-core-1.0.13.jar;D:\Maven\mavenlocalrepository\org\apache\commons\commons-lang3\3.3.2\commons-lang3-3.3.2.jar;D:\Maven\mavenlocalrepository\info\cukes\cucumber-jvm-deps\1.0.5\cucumber-jvm-deps-1.0.5.jar;D:\Maven\mavenlocalrepository\info\cukes\cucumber-testng\1.2.5\cucumber-testng-1.2.5.jar;D:\Maven\mavenlocalrepository\org\testng\testng\6.9.10\testng-6.9.10.jar;D:\Maven\mavenlocalrepository\com\beust\jcommander\1.48\jcommander-1.48.jar;D:\Maven\mavenlocalrepository\org\beanshell\bsh\2.0b4\bsh-2.0b4.jar;D:\Maven\mavenlocalrepository\info\cukes\gherkin\2.12.2\gherkin-2.12.2.jar;D:\Maven\mavenlocalrepository\org\mockito\mockito-all\2.0.2-beta\mockito-all-2.0.2-beta.jar;C:\Program Files\Java\jdk1.8.0_141\lib\tools.jar;D:\Maven\mavenlocalrepository\org\seleniumhq\selenium\selenium-java\3.4.0\selenium-java-3.4.0.jar;D:\Maven\mavenlocalrepository\org\seleniumhq\selenium\selenium-api\3.4.0\selenium-api-3.4.0.jar;D:\Maven\mavenlocalrepository\org\seleniumhq\selenium\selenium-chrome-driver\3.4.0\selenium-chrome-driver-3.4.0.jar;D:\Maven\mavenlocalrepository\org\seleniumhq\selenium\selenium-edge-driver\3.4.0\selenium-edge-driver-3.4.0.jar;D:\Maven\mavenlocalrepository\org\seleniumhq\selenium\selenium-firefox-driver\3.4.0\selenium-firefox-driver-3.4.0.jar;D:\Maven\mavenlocalrepository\org\seleniumhq\selenium\selenium-ie-driver\3.4.0\selenium-ie-driver-3.4.0.jar;D:\Maven\mavenlocalrepository\org\seleniumhq\selenium\selenium-opera-driver\3.4.0\selenium-opera-driver-3.4.0.jar;D:\Maven\mavenlocalrepository\org\seleniumhq\selenium\selenium-remote-driver\3.4.0\selenium-remote-driver-3.4.0.jar;D:\Maven\mavenlocalrepository\org\seleniumhq\selenium\selenium-safari-driver\3.4.0\selenium-safari-driver-3.4.0.jar;D:\Maven\mavenlocalrepository\org\seleniumhq\selenium\selenium-support\3.4.0\selenium-support-3.4.0.jar;D:\Maven\mavenlocalrepository\cglib\cglib-nodep\3.2.4\cglib-nodep-3.2.4.jar;D:\Maven\mavenlocalrepository\org\apache\commons\commons-exec\1.3\commons-exec-1.3.jar;D:\Maven\mavenlocalrepository\commons-codec\commons-codec\1.10\commons-codec-1.10.jar;D:\Maven\mavenlocalrepository\commons-io\commons-io\2.5\commons-io-2.5.jar;D:\Maven\mavenlocalrepository\commons-logging\commons-logging\1.2\commons-logging-1.2.jar;D:\Maven\mavenlocalrepository\org\w3c\css\sac\1.3\sac-1.3.jar;D:\Maven\mavenlocalrepository\net\sourceforge\cssparser\cssparser\0.9.22\cssparser-0.9.22.jar;D:\Maven\mavenlocalrepository\com\google\code\gson\gson\2.8.0\gson-2.8.0.jar;D:\Maven\mavenlocalrepository\net\sourceforge\htmlunit\htmlunit\2.26\htmlunit-2.26.jar;D:\Maven\mavenlocalrepository\net\sourceforge\htmlunit\htmlunit-core-js\2.26\htmlunit-core-js-2.26.jar;D:\Maven\mavenlocalrepository\net\sourceforge\htmlunit\neko-htmlunit\2.25\neko-htmlunit-2.25.jar;D:\Maven\mavenlocalrepository\org\apache\httpcomponents\httpcore\4.4.6\httpcore-4.4.6.jar;D:\Maven\mavenlocalrepository\org\eclipse\jetty\jetty-io\9.4.1.v20170120\jetty-io-9.4.1.v20170120.jar;D:\Maven\mavenlocalrepository\org\eclipse\jetty\jetty-util\9.4.1.v20170120\jetty-util-9.4.1.v20170120.jar;D:\Maven\mavenlocalrepository\net\java\dev\jna\jna\4.1.0\jna-4.1.0.jar;D:\Maven\mavenlocalrepository\net\java\dev\jna\jna-platform\4.1.0\jna-platform-4.1.0.jar;D:\Maven\mavenlocalrepository\com\codeborne\phantomjsdriver\1.4.0\phantomjsdriver-1.4.0.jar;D:\Maven\mavenlocalrepository\org\seleniumhq\selenium\htmlunit-driver\2.26\htmlunit-driver-2.26.jar;D:\Maven\mavenlocalrepository\javax\servlet\javax.servlet-api\3.1.0\javax.servlet-api-3.1.0.jar;D:\Maven\mavenlocalrepository\org\eclipse\jetty\websocket\websocket-api\9.4.3.v20170317\websocket-api-9.4.3.v20170317.jar;D:\Maven\mavenlocalrepository\org\eclipse\jetty\websocket\websocket-client\9.4.3.v20170317\websocket-client-9.4.3.v20170317.jar;D:\Maven\mavenlocalrepository\org\eclipse\jetty\jetty-client\9.4.3.v20170317\jetty-client-9.4.3.v20170317.jar;D:\Maven\mavenlocalrepository\org\eclipse\jetty\jetty-http\9.4.3.v20170317\jetty-http-9.4.3.v20170317.jar;D:\Maven\mavenlocalrepository\org\eclipse\jetty\websocket\websocket-common\9.4.3.v20170317\websocket-common-9.4.3.v20170317.jar;D:\Maven\mavenlocalrepository\xalan\serializer\2.7.2\serializer-2.7.2.jar;D:\Maven\mavenlocalrepository\xalan\xalan\2.7.2\xalan-2.7.2.jar;D:\Maven\mavenlocalrepository\xerces\xercesImpl\2.11.0\xercesImpl-2.11.0.jar;D:\Maven\mavenlocalrepository\xml-apis\xml-apis\1.4.01\xml-apis-1.4.01.jar;D:\Maven\mavenlocalrepository\org\apache\poi\poi-ooxml\3.16\poi-ooxml-3.16.jar;D:\Maven\mavenlocalrepository\com\github\virtuald\curvesapi\1.04\curvesapi-1.04.jar;D:\Maven\mavenlocalrepository\org\apache\poi\poi\3.16\poi-3.16.jar;D:\Maven\mavenlocalrepository\org\apache\poi\poi-scratchpad\3.16\poi-scratchpad-3.16.jar;D:\Maven\mavenlocalrepository\org\apache\poi\poi-ooxml-schemas\3.16\poi-ooxml-schemas-3.16.jar;D:\Maven\mavenlocalrepository\org\apache\xmlbeans\xmlbeans\2.6.0\xmlbeans-2.6.0.jar;D:\Maven\mavenlocalrepository\stax\stax-api\1.0.1\stax-api-1.0.1.jar;D:\Maven\mavenlocalrepository\org\apache\commons\commons-collections4\4.1\commons-collections4-4.1.jar;D:\Maven\mavenlocalrepository\com\google\guava\guava\21.0\guava-21.0.jar;D:\Maven\mavenlocalrepository\org\apache\maven\surefire\surefire-testng-utils\2.20.1\surefire-testng-utils-2.20.1.jar;D:\Maven\mavenlocalrepository\org\apache\maven\surefire\surefire-grouper\2.20.1\surefire-grouper-2.20.1.jar;"/>
    <property name="sun.cpu.endian" value="little"/>
    <property name="user.home" value="C:\windows\system32\config\systemprofile"/>
    <property name="user.language" value="en"/>
    <property name="java.specification.vendor" value="Oracle Corporation"/>
    <property name="java.home" value="C:\Program Files\Java\jdk1.8.0_141\jre"/>
    <property name="basedir" value="C:\Users\kamal_singla\git\TestRest\TestRest"/>
    <property name="file.separator" value="\"/>
    <property name="line.separator" value="&#10;"/>
    <property name="java.vm.specification.vendor" value="Oracle Corporation"/>
    <property name="java.specification.name" value="Java Platform API Specification"/>
    <property name="java.awt.graphicsenv" value="sun.awt.Win32GraphicsEnvironment"/>
    <property name="surefire.real.class.path" value="C:\windows\TEMP\surefire6462976724061388739\surefirebooter7020252532736451498.jar"/>
    <property name="sun.boot.class.path" value="C:\Program Files\Java\jdk1.8.0_141\jre\lib\resources.jar;C:\Program Files\Java\jdk1.8.0_141\jre\lib\rt.jar;C:\Program Files\Java\jdk1.8.0_141\jre\lib\sunrsasign.jar;C:\Program Files\Java\jdk1.8.0_141\jre\lib\jsse.jar;C:\Program Files\Java\jdk1.8.0_141\jre\lib\jce.jar;C:\Program Files\Java\jdk1.8.0_141\jre\lib\charsets.jar;C:\Program Files\Java\jdk1.8.0_141\jre\lib\jfr.jar;C:\Program Files\Java\jdk1.8.0_141\jre\classes"/>
    <property name="user.script" value=""/>
    <property name="sun.management.compiler" value="HotSpot 64-Bit Tiered Compilers"/>
    <property name="java.runtime.version" value="1.8.0_141-b15"/>
    <property name="user.name" value="BLRKEC129234L$"/>
    <property name="path.separator" value=";"/>
    <property name="os.version" value="6.3"/>
    <property name="java.endorsed.dirs" value="C:\Program Files\Java\jdk1.8.0_141\jre\lib\endorsed"/>
    <property name="java.runtime.name" value="Java(TM) SE Runtime Environment"/>
    <property name="file.encoding" value="Cp1252"/>
    <property name="java.vm.name" value="Java HotSpot(TM) 64-Bit Server VM"/>
    <property name="localRepository" value="D:\Maven\mavenlocalrepository"/>
    <property name="java.vendor.url.bug" value="http://bugreport.sun.com/bugreport/"/>
    <property name="java.io.tmpdir" value="C:\windows\TEMP\"/>
    <property name="java.version" value="1.8.0_141"/>
    <property name="user.dir" value="C:\Users\kamal_singla\git\TestRest\TestRest"/>
    <property name="os.arch" value="amd64"/>
    <property name="java.vm.specification.name" value="Java Virtual Machine Specification"/>
    <property name="java.awt.printerjob" value="sun.awt.windows.WPrinterJob"/>
    <property name="sun.os.patch.level" value=""/>
    <property name="java.library.path" value="C:\Program Files\Java\jdk1.8.0_141\jre\bin;C:\windows\Sun\Java\bin;C:\windows\system32;C:\windows;D:\Maven\apache-maven-3.5.0/bin;C:\Program Files\Java\jdk1.8.0_141\/bin;C:\Program Files\Java\jdk1.8.0_141\/bin;C:\Program Files (x86)\RSA SecurID Token Common;C:\Program Files\RSA SecurID Token Common;C:\ProgramData\Oracle\Java\javapath;C:\windows\system32;C:\windows;C:\windows\System32\Wbem;C:\windows\System32\WindowsPowerShell\v1.0\;C:\Program Files\Java\jre1.8.0_45\bin\;C:\Users\kamal_singla\eclipse\java-neon\android-sdk\tools\;C:\Users\kamal_singla\eclipse\java-neon\android-sdk\platform-tools\;C:\Program Files\nodejs\;C:\Program Files\Git\cmd;C:\Program Files\SlikSvn\bin;C:\Program Files\TortoiseSVN\bin;C:\Program Files\Java\jdk1.8.0_141\\bin;C:\Program Files\MySQL\MySQL Utilities 1.6\;D:\Downloads\apache-tomcat-8.0.50\bin;C:\windows\system32\config\systemprofile\AppData\Roaming\npm;."/>
    <property name="java.vm.info" value="mixed mode"/>
    <property name="java.vendor" value="Oracle Corporation"/>
    <property name="java.vm.version" value="25.141-b15"/>
    <property name="java.ext.dirs" value="C:\Program Files\Java\jdk1.8.0_141\jre\lib\ext;C:\windows\Sun\Java\lib\ext"/>
    <property name="sun.io.unicode.encoding" value="UnicodeLittle"/>
    <property name="java.class.version" value="52.0"/>
  </properties>
</testsuite>